[0.012s] Invoking command in '/app/build/swan': CMAKE_PREFIX_PATH=/opt/ros/humble /usr/bin/cmake /app/swan -DAMENT_CMAKE_SYMLINK_INSTALL=1 -DCMAKE_INSTALL_PREFIX=/app/install/swan
[0.301s] -- The C compiler identification is GNU 11.4.0
[0.413s] -- The CXX compiler identification is GNU 11.4.0
[0.435s] -- Detecting C compiler ABI info
[0.499s] -- Detecting C compiler ABI info - done
[0.505s] -- Check for working C compiler: /usr/bin/cc - skipped
[0.506s] -- Detecting C compile features
[0.507s] -- Detecting C compile features - done
[0.510s] -- Detecting CXX compiler ABI info
[0.577s] -- Detecting CXX compiler ABI info - done
[0.584s] -- Check for working CXX compiler: /usr/bin/c++ - skipped
[0.584s] -- Detecting CXX compile features
[0.585s] -- Detecting CXX compile features - done
[0.601s] -- Found ament_cmake: 1.3.11 (/opt/ros/humble/share/ament_cmake/cmake)
[0.732s] -- Found Python3: /usr/local/python/current/bin/python3 (found version "3.10.12") found components: Interpreter 
[0.798s] -- Override CMake install command with custom implementation using symlinks instead of copying resources
[0.841s] -- Found ament_lint_auto: 0.12.12 (/opt/ros/humble/share/ament_lint_auto/cmake)
[0.921s] -- Added test 'cppcheck' to perform static code analysis on C / C++ code
[0.921s] -- Configured cppcheck include dirs: $<BUILD_INTERFACE:/app/swan/include>
[0.921s] -- Configured cppcheck exclude dirs and/or files: 
[0.922s] -- Added test 'lint_cmake' to check CMake code style
[0.924s] -- Added test 'uncrustify' to check C / C++ code style
[0.924s] -- Configured uncrustify additional arguments: 
[0.924s] -- Added test 'xmllint' to check XML markup files
[0.927s] -- Configuring done
[0.931s] -- Generating done
[0.933s] -- Build files have been written to: /app/build/swan
[0.937s] Invoked command in '/app/build/swan' returned '0': CMAKE_PREFIX_PATH=/opt/ros/humble /usr/bin/cmake /app/swan -DAMENT_CMAKE_SYMLINK_INSTALL=1 -DCMAKE_INSTALL_PREFIX=/app/install/swan
[0.939s] Invoking command in '/app/build/swan': CMAKE_PREFIX_PATH=/opt/ros/humble /usr/bin/cmake --build /app/build/swan -- -j16 -l16
[0.971s] [ 50%] [32mBuilding CXX object CMakeFiles/swan_node.dir/src/swan_node.cpp.o[0m
[1.008s] [100%] [32m[1mLinking CXX executable swan_node[0m
[1.042s] [100%] Built target swan_node
[1.050s] Invoked command in '/app/build/swan' returned '0': CMAKE_PREFIX_PATH=/opt/ros/humble /usr/bin/cmake --build /app/build/swan -- -j16 -l16
[1.059s] Invoking command in '/app/build/swan': CMAKE_PREFIX_PATH=/opt/ros/humble /usr/bin/cmake --install /app/build/swan
[1.063s] -- Install configuration: ""
[1.063s] -- Execute custom install script
[1.064s] -- Symlinking: /app/install/swan/lib/swan/swan_node
[1.071s] -- Symlinking: /app/install/swan/share/ament_index/resource_index/package_run_dependencies/swan
[1.078s] -- Symlinking: /app/install/swan/share/ament_index/resource_index/parent_prefix_path/swan
[1.084s] -- Symlinking: /app/install/swan/share/swan/environment/ament_prefix_path.sh
[1.091s] -- Symlinking: /app/install/swan/share/swan/environment/ament_prefix_path.dsv
[1.097s] -- Symlinking: /app/install/swan/share/swan/environment/path.sh
[1.103s] -- Symlinking: /app/install/swan/share/swan/environment/path.dsv
[1.110s] -- Symlinking: /app/install/swan/share/swan/local_setup.bash
[1.120s] -- Symlinking: /app/install/swan/share/swan/local_setup.sh
[1.140s] -- Symlinking: /app/install/swan/share/swan/local_setup.zsh
[1.151s] -- Symlinking: /app/install/swan/share/swan/local_setup.dsv
[1.157s] -- Symlinking: /app/install/swan/share/swan/package.dsv
[1.163s] -- Symlinking: /app/install/swan/share/ament_index/resource_index/packages/swan
[1.170s] -- Symlinking: /app/install/swan/share/swan/cmake/swanConfig.cmake
[1.176s] -- Symlinking: /app/install/swan/share/swan/cmake/swanConfig-version.cmake
[1.183s] -- Symlinking: /app/install/swan/share/swan/package.xml
[1.191s] Invoked command in '/app/build/swan' returned '0': CMAKE_PREFIX_PATH=/opt/ros/humble /usr/bin/cmake --install /app/build/swan
