-- Found ament_cmake: 1.3.11 (/opt/ros/humble/share/ament_cmake/cmake)
-- Override CMake install command with custom implementation using symlinks instead of copying resources
-- Found ament_lint_auto: 0.12.12 (/opt/ros/humble/share/ament_lint_auto/cmake)
-- Added test 'cppcheck' to perform static code analysis on C / C++ code
-- Configured cppcheck include dirs: $<BUILD_INTERFACE:/app/swan/include>
-- Configured cppcheck exclude dirs and/or files: 
-- Added test 'lint_cmake' to check CMake code style
-- Added test 'uncrustify' to check C / C++ code style
-- Configured uncrustify additional arguments: 
-- Added test 'xmllint' to check XML markup files
-- Configuring done
-- Generating done
-- Build files have been written to: /app/build/swan
[35m[1mConsolidate compiler generated dependencies of target swan_node[0m
[100%] Built target swan_node
-- Install configuration: ""
-- Execute custom install script
-- Up-to-date symlink: /app/install/swan/lib/swan/swan_node
-- Up-to-date symlink: /app/install/swan/share/ament_index/resource_index/package_run_dependencies/swan
-- Up-to-date symlink: /app/install/swan/share/ament_index/resource_index/parent_prefix_path/swan
-- Up-to-date symlink: /app/install/swan/share/swan/environment/ament_prefix_path.sh
-- Up-to-date symlink: /app/install/swan/share/swan/environment/ament_prefix_path.dsv
-- Up-to-date symlink: /app/install/swan/share/swan/environment/path.sh
-- Up-to-date symlink: /app/install/swan/share/swan/environment/path.dsv
-- Up-to-date symlink: /app/install/swan/share/swan/local_setup.bash
-- Up-to-date symlink: /app/install/swan/share/swan/local_setup.sh
-- Up-to-date symlink: /app/install/swan/share/swan/local_setup.zsh
-- Up-to-date symlink: /app/install/swan/share/swan/local_setup.dsv
-- Symlinking: /app/install/swan/share/swan/package.dsv
-- Up-to-date symlink: /app/install/swan/share/ament_index/resource_index/packages/swan
-- Up-to-date symlink: /app/install/swan/share/swan/cmake/swanConfig.cmake
-- Up-to-date symlink: /app/install/swan/share/swan/cmake/swanConfig-version.cmake
-- Up-to-date symlink: /app/install/swan/share/swan/package.xml
