[0.020s] Invoking command in '/app/build/swan': CMAKE_PREFIX_PATH=/opt/ros/humble /usr/bin/cmake /app/swan -DAMENT_CMAKE_SYMLINK_INSTALL=1 -DCMAKE_INSTALL_PREFIX=/app/install/swan
[0.088s] -- Found ament_cmake: 1.3.11 (/opt/ros/humble/share/ament_cmake/cmake)
[0.224s] -- Override CMake install command with custom implementation using symlinks instead of copying resources
[0.246s] -- Found ament_lint_auto: 0.12.12 (/opt/ros/humble/share/ament_lint_auto/cmake)
[0.315s] -- Added test 'cppcheck' to perform static code analysis on C / C++ code
[0.315s] -- Configured cppcheck include dirs: $<BUILD_INTERFACE:/app/swan/include>
[0.315s] -- Configured cppcheck exclude dirs and/or files: 
[0.316s] -- Added test 'lint_cmake' to check CMake code style
[0.317s] -- Added test 'uncrustify' to check C / C++ code style
[0.317s] -- Configured uncrustify additional arguments: 
[0.318s] -- Added test 'xmllint' to check XML markup files
[0.320s] -- Configuring done
[0.329s] -- Generating done
[0.331s] -- Build files have been written to: /app/build/swan
[0.337s] Invoked command in '/app/build/swan' returned '0': CMAKE_PREFIX_PATH=/opt/ros/humble /usr/bin/cmake /app/swan -DAMENT_CMAKE_SYMLINK_INSTALL=1 -DCMAKE_INSTALL_PREFIX=/app/install/swan
[0.339s] Invoking command in '/app/build/swan': CMAKE_PREFIX_PATH=/opt/ros/humble /usr/bin/cmake --build /app/build/swan -- -j16 -l16
[0.366s] [35m[1mConsolidate compiler generated dependencies of target swan_node[0m
[0.374s] [100%] Built target swan_node
[0.382s] Invoked command in '/app/build/swan' returned '0': CMAKE_PREFIX_PATH=/opt/ros/humble /usr/bin/cmake --build /app/build/swan -- -j16 -l16
[0.390s] Invoking command in '/app/build/swan': CMAKE_PREFIX_PATH=/opt/ros/humble /usr/bin/cmake --install /app/build/swan
[0.394s] -- Install configuration: ""
[0.395s] -- Execute custom install script
[0.395s] -- Up-to-date symlink: /app/install/swan/lib/swan/swan_node
[0.395s] -- Up-to-date symlink: /app/install/swan/share/ament_index/resource_index/package_run_dependencies/swan
[0.395s] -- Up-to-date symlink: /app/install/swan/share/ament_index/resource_index/parent_prefix_path/swan
[0.395s] -- Up-to-date symlink: /app/install/swan/share/swan/environment/ament_prefix_path.sh
[0.396s] -- Up-to-date symlink: /app/install/swan/share/swan/environment/ament_prefix_path.dsv
[0.396s] -- Up-to-date symlink: /app/install/swan/share/swan/environment/path.sh
[0.396s] -- Up-to-date symlink: /app/install/swan/share/swan/environment/path.dsv
[0.396s] -- Up-to-date symlink: /app/install/swan/share/swan/local_setup.bash
[0.396s] -- Up-to-date symlink: /app/install/swan/share/swan/local_setup.sh
[0.396s] -- Up-to-date symlink: /app/install/swan/share/swan/local_setup.zsh
[0.397s] -- Up-to-date symlink: /app/install/swan/share/swan/local_setup.dsv
[0.397s] -- Symlinking: /app/install/swan/share/swan/package.dsv
[0.402s] -- Up-to-date symlink: /app/install/swan/share/ament_index/resource_index/packages/swan
[0.402s] -- Up-to-date symlink: /app/install/swan/share/swan/cmake/swanConfig.cmake
[0.402s] -- Up-to-date symlink: /app/install/swan/share/swan/cmake/swanConfig-version.cmake
[0.402s] -- Up-to-date symlink: /app/install/swan/share/swan/package.xml
[0.404s] Invoked command in '/app/build/swan' returned '0': CMAKE_PREFIX_PATH=/opt/ros/humble /usr/bin/cmake --install /app/build/swan
